# JRE version: OpenJDK Runtime Environment (8.0_352-b08) (build 1.8.0_352-b08)
# Java VM: OpenJDK 64-Bit Server VM (25.352-b08 mixed mode windows-amd64 compressed oops)
Heap:
 PSYoungGen      total 683008K, used 126835K [0x00000000d5580000, 0x0000000100000000, 0x0000000100000000)
  eden space 667648K, 18% used [0x00000000d5580000,0x00000000dcd66328,0x00000000fe180000)
  from space 15360K, 26% used [0x00000000ff000000,0x00000000ff3f6b50,0x00000000fff00000)
  to   space 14848K, 0% used [0x00000000fe180000,0x00000000fe180000,0x00000000ff000000)
 ParOldGen       total 140288K, used 38395K [0x0000000080000000, 0x0000000088900000, 0x00000000d5580000)
  object space 140288K, 27% used [0x0000000080000000,0x000000008257ee50,0x0000000088900000)
 Metaspace       used 42303K, capacity 44488K, committed 44672K, reserved 1087488K
  class space    used 6019K, capacity 6479K, committed 6528K, reserved 1048576K
GC Heap History (10 events):
Event: 11.581 GC heap before
{Heap before GC invocations=16 (full 2):
 PSYoungGen      total 629248K, used 614784K [0x00000000d5580000, 0x0000000100000000, 0x0000000100000000)
  eden space 613376K, 100% used [0x00000000d5580000,0x00000000fac80000,0x00000000fac80000)
  from space 15872K, 8% used [0x00000000fac80000,0x00000000fade0000,0x00000000fbc00000)
  to   space 15872K, 0% used [0x00000000ff080000,0x00000000ff080000,0x0000000100000000)
 ParOldGen       total 140288K, used 34579K [0x0000000080000000, 0x0000000088900000, 0x00000000d5580000)
  object space 140288K, 24% used [0x0000000080000000,0x00000000821c4e30,0x0000000088900000)
 Metaspace       used 41687K, capacity 43638K, committed 43776K, reserved 1087488K
  class space    used 5936K, capacity 6366K, committed 6400K, reserved 1048576K
Event: 11.583 GC heap after
Heap after GC invocations=16 (full 2):
 PSYoungGen      total 683008K, used 1536K [0x00000000d5580000, 0x0000000100000000, 0x0000000100000000)
  eden space 667136K, 0% used [0x00000000d5580000,0x00000000d5580000,0x00000000fe100000)
  from space 15872K, 9% used [0x00000000ff080000,0x00000000ff200000,0x0000000100000000)
  to   space 15872K, 0% used [0x00000000fe100000,0x00000000fe100000,0x00000000ff080000)
 ParOldGen       total 140288K, used 35803K [0x0000000080000000, 0x0000000088900000, 0x00000000d5580000)
  object space 140288K, 25% used [0x0000000080000000,0x00000000822f6e30,0x0000000088900000)
 Metaspace       used 41687K, capacity 43638K, committed 43776K, reserved 1087488K
  class space    used 5936K, capacity 6366K, committed 6400K, reserved 1048576K
}
Event: 12.147 GC heap before
{Heap before GC invocations=17 (full 2):
 PSYoungGen      total 683008K, used 668672K [0x00000000d5580000, 0x0000000100000000, 0x0000000100000000)
  eden space 667136K, 100% used [0x00000000d5580000,0x00000000fe100000,0x00000000fe100000)
  from space 15872K, 9% used [0x00000000ff080000,0x00000000ff200000,0x0000000100000000)
  to   space 15872K, 0% used [0x00000000fe100000,0x00000000fe100000,0x00000000ff080000)
 ParOldGen       total 140288K, used 35803K [0x0000000080000000, 0x0000000088900000, 0x00000000d5580000)
  object space 140288K, 25% used [0x0000000080000000,0x00000000822f6e30,0x0000000088900000)
 Metaspace       used 41725K, capacity 43638K, committed 43776K, reserved 1087488K
  class space    used 5944K, capacity 6366K, committed 6400K, reserved 1048576K
Event: 12.150 GC heap after
Heap after GC invocations=17 (full 2):
 PSYoungGen      total 683008K, used 1696K [0x00000000d5580000, 0x0000000100000000, 0x0000000100000000)
  eden space 667136K, 0% used [0x00000000d5580000,0x00000000d5580000,0x00000000fe100000)
  from space 15872K, 10% used [0x00000000fe100000,0x00000000fe2a8000,0x00000000ff080000)
  to   space 15872K, 0% used [0x00000000ff080000,0x00000000ff080000,0x0000000100000000)
 ParOldGen       total 140288K, used 37275K [0x0000000080000000, 0x0000000088900000, 0x00000000d5580000)
  object space 140288K, 26% used [0x0000000080000000,0x0000000082466e30,0x0000000088900000)
 Metaspace       used 41725K, capacity 43638K, committed 43776K, reserved 1087488K
  class space    used 5944K, capacity 6366K, committed 6400K, reserved 1048576K
}
Event: 13.760 GC heap before
{Heap before GC invocations=18 (full 2):
 PSYoungGen      total 683008K, used 668832K [0x00000000d5580000, 0x0000000100000000, 0x0000000100000000)
  eden space 667136K, 100% used [0x00000000d5580000,0x00000000fe100000,0x00000000fe100000)
  from space 15872K, 10% used [0x00000000fe100000,0x00000000fe2a8000,0x00000000ff080000)
  to   space 15872K, 0% used [0x00000000ff080000,0x00000000ff080000,0x0000000100000000)
 ParOldGen       total 140288K, used 37275K [0x0000000080000000, 0x0000000088900000, 0x00000000d5580000)
  object space 140288K, 26% used [0x0000000080000000,0x0000000082466e30,0x0000000088900000)
 Metaspace       used 41871K, capacity 43852K, committed 44032K, reserved 1087488K
  class space    used 5969K, capacity 6383K, committed 6400K, reserved 1048576K
Event: 13.765 GC heap after
Heap after GC invocations=18 (full 2):
 PSYoungGen      total 683008K, used 8091K [0x00000000d5580000, 0x0000000100000000, 0x0000000100000000)
  eden space 667136K, 0% used [0x00000000d5580000,0x00000000d5580000,0x00000000fe100000)
  from space 15872K, 50% used [0x00000000ff080000,0x00000000ff866e18,0x0000000100000000)
  to   space 15872K, 0% used [0x00000000fe100000,0x00000000fe100000,0x00000000ff080000)
 ParOldGen       total 140288K, used 37971K [0x0000000080000000, 0x0000000088900000, 0x00000000d5580000)
  object space 140288K, 27% used [0x0000000080000000,0x0000000082514e30,0x0000000088900000)
 Metaspace       used 41871K, capacity 43852K, committed 44032K, reserved 1087488K
  class space    used 5969K, capacity 6383K, committed 6400K, reserved 1048576K
}
Event: 14.957 GC heap before
{Heap before GC invocations=19 (full 2):
 PSYoungGen      total 683008K, used 675227K [0x00000000d5580000, 0x0000000100000000, 0x0000000100000000)
  eden space 667136K, 100% used [0x00000000d5580000,0x00000000fe100000,0x00000000fe100000)
  from space 15872K, 50% used [0x00000000ff080000,0x00000000ff866e18,0x0000000100000000)
  to   space 15872K, 0% used [0x00000000fe100000,0x00000000fe100000,0x00000000ff080000)
 ParOldGen       total 140288K, used 37971K [0x0000000080000000, 0x0000000088900000, 0x00000000d5580000)
  object space 140288K, 27% used [0x0000000080000000,0x0000000082514e30,0x0000000088900000)
 Metaspace       used 42297K, capacity 44488K, committed 44672K, reserved 1087488K
  class space    used 6018K, capacity 6479K, committed 6528K, reserved 1048576K
Event: 14.961 GC heap after
Heap after GC invocations=19 (full 2):
 PSYoungGen      total 670720K, used 3072K [0x00000000d5580000, 0x00000000fff00000, 0x0000000100000000)
  eden space 667136K, 0% used [0x00000000d5580000,0x00000000d5580000,0x00000000fe100000)
  from space 3584K, 85% used [0x00000000fe100000,0x00000000fe400020,0x00000000fe480000)
  to   space 15360K, 0% used [0x00000000ff000000,0x00000000ff000000,0x00000000fff00000)
 ParOldGen       total 140288K, used 38395K [0x0000000080000000, 0x0000000088900000, 0x00000000d5580000)
  object space 140288K, 27% used [0x0000000080000000,0x000000008257ee50,0x0000000088900000)
 Metaspace       used 42297K, capacity 44488K, committed 44672K, reserved 1087488K
  class space    used 6018K, capacity 6479K, committed 6528K, reserved 1048576K
}
Event: 15.264 GC heap before
{Heap before GC invocations=20 (full 2):
 PSYoungGen      total 670720K, used 670208K [0x00000000d5580000, 0x00000000fff00000, 0x0000000100000000)
  eden space 667136K, 100% used [0x00000000d5580000,0x00000000fe100000,0x00000000fe100000)
  from space 3584K, 85% used [0x00000000fe100000,0x00000000fe400020,0x00000000fe480000)
  to   space 15360K, 0% used [0x00000000ff000000,0x00000000ff000000,0x00000000fff00000)
 ParOldGen       total 140288K, used 38395K [0x0000000080000000, 0x0000000088900000, 0x00000000d5580000)
  object space 140288K, 27% used [0x0000000080000000,0x000000008257ee50,0x0000000088900000)
 Metaspace       used 42303K, capacity 44488K, committed 44672K, reserved 1087488K
  class space    used 6019K, capacity 6479K, committed 6528K, reserved 1048576K
Event: 15.267 GC heap after
Heap after GC invocations=20 (full 2):
 PSYoungGen      total 683008K, used 4058K [0x00000000d5580000, 0x0000000100000000, 0x0000000100000000)
  eden space 667648K, 0% used [0x00000000d5580000,0x00000000d5580000,0x00000000fe180000)
  from space 15360K, 26% used [0x00000000ff000000,0x00000000ff3f6b50,0x00000000fff00000)
  to   space 14848K, 0% used [0x00000000fe180000,0x00000000fe180000,0x00000000ff000000)
 ParOldGen       total 140288K, used 38395K [0x0000000080000000, 0x0000000088900000, 0x00000000d5580000)
  object space 140288K, 27% used [0x0000000080000000,0x000000008257ee50,0x0000000088900000)
 Metaspace       used 42303K, capacity 44488K, committed 44672K, reserved 1087488K
  class space    used 6019K, capacity 6479K, committed 6528K, reserved 1048576K
}

